2025-02-12 04:17:11,892 - db_helper - INFO - 'fetch_expenses_between_dates' was called with start date: 2024-08-01 and end date: 2024-08-05
2025-02-12 04:18:59,200 - db_helper - INFO - 'fetch_expenses_by_date' was called with 2024-08-15
2025-02-12 04:18:59,400 - db_helper - INFO - 'fetch_expenses_between_dates' was called with start date: 2024-08-01 and end date: 2024-08-05
2025-02-12 04:30:26,880 - db_helper - INFO - 'fetch_expenses_by_date' was called with 2024-08-15
2025-02-12 04:30:27,115 - db_helper - INFO - 'fetch_expenses_between_dates' was called with start date: 2024-08-01 and end date: 2024-08-05
2025-02-12 04:41:59,671 - db_helper - INFO - 'fetch_expenses_by_date' was called with date:2028-11-14
2025-02-12 04:46:35,228 - db_helper - INFO - 'delete_expenses_by_date' was called with 2025-02-11
2025-02-12 04:46:35,250 - db_helper - INFO - 'update_expenses' was called with date:2025-02-11, amount: 750.0, category: Specs, notes: bought specs form titan
2025-02-12 16:05:33,110 - db_helper - INFO - 'fetch_expenses_by_date' was called with date:2028-11-14
2025-02-12 16:05:55,694 - db_helper - INFO - 'fetch_expenses_by_date' was called with date:2028-11-14
2025-02-12 16:08:23,102 - db_helper - INFO - 'fetch_expenses_by_date' was called with date:2028-11-14
2025-02-12 16:08:40,675 - db_helper - INFO - 'fetch_expenses_by_date' was called with date:2028-11-14
2025-02-12 16:09:55,264 - db_helper - INFO - 'fetch_expenses_by_date' was called with date:2024-08-01
2025-02-12 16:24:46,659 - db_helper - INFO - 'fetch_expenses_by_date' was called with date:2024-08-01
2025-02-12 22:25:02,348 - db_helper - INFO - 'fetch_expenses_by_date' was called with date:2028-11-14
2025-02-12 22:25:06,304 - db_helper - INFO - 'fetch_expenses_by_date' was called with date:2028-11-14
2025-02-12 22:26:04,945 - db_helper - INFO - 'fetch_expenses_by_date' was called with date:2028-11-14
2025-02-12 22:29:11,800 - db_helper - INFO - 'fetch_expenses_by_date' was called with date:2028-11-14
2025-02-12 22:29:14,449 - db_helper - INFO - 'fetch_expenses_by_date' was called with date:2028-11-14
2025-02-12 22:29:30,400 - db_helper - INFO - 'fetch_expenses_by_date' was called with date:2028-11-14
2025-02-12 22:29:44,856 - db_helper - INFO - 'fetch_expenses_by_date' was called with date:2024-08-01
2025-02-12 22:30:22,961 - db_helper - INFO - 'fetch_expenses_by_date' was called with date:2024-08-01
2025-02-12 22:30:26,392 - db_helper - INFO - 'fetch_expenses_by_date' was called with date:2024-08-01
2025-02-12 22:30:26,576 - db_helper - INFO - 'fetch_expenses_by_date' was called with date:2024-08-01
2025-02-12 22:30:26,745 - db_helper - INFO - 'fetch_expenses_by_date' was called with date:2024-08-01
2025-02-12 22:32:35,327 - db_helper - INFO - 'fetch_expenses_by_date' was called with date:2024-07-01
2025-02-12 22:32:49,828 - db_helper - INFO - 'fetch_expenses_by_date' was called with date:2024-08-06
2025-02-12 22:37:07,216 - db_helper - INFO - 'fetch_expenses_by_date' was called with date:2024-08-02
2025-02-12 22:38:05,741 - db_helper - INFO - 'fetch_expenses_by_date' was called with date:2024-08-02
2025-02-12 22:38:06,910 - db_helper - INFO - 'fetch_expenses_by_date' was called with date:2024-08-02
2025-02-12 22:38:07,604 - db_helper - INFO - 'fetch_expenses_by_date' was called with date:2024-08-02
2025-02-12 22:38:07,995 - db_helper - INFO - 'fetch_expenses_by_date' was called with date:2024-08-02
2025-02-12 22:38:08,200 - db_helper - INFO - 'fetch_expenses_by_date' was called with date:2024-08-02
2025-02-12 22:38:33,586 - db_helper - INFO - 'fetch_expenses_by_date' was called with date:2028-11-14
2025-02-12 22:41:12,982 - db_helper - INFO - 'fetch_expenses_by_date' was called with date:2028-11-14
2025-02-12 22:41:16,868 - db_helper - INFO - 'fetch_expenses_by_date' was called with date:2024-08-02
2025-02-12 22:41:18,072 - db_helper - INFO - 'fetch_expenses_by_date' was called with date:2024-08-02
2025-02-12 22:41:36,437 - db_helper - INFO - 'fetch_expenses_by_date' was called with date:2028-11-15
2025-02-12 23:47:39,775 - db_helper - INFO - 'fetch_expenses_by_date' was called with date:2025-02-11
2025-02-12 23:53:23,116 - db_helper - INFO - 'fetch_expenses_by_date' was called with date:2028-11-14
2025-02-12 23:53:44,003 - db_helper - INFO - 'fetch_expenses_by_date' was called with date:2024-08-05
2025-02-12 23:57:59,513 - db_helper - INFO - 'fetch_expenses_by_date' was called with date:2022-08-01
2025-02-12 23:58:25,705 - db_helper - INFO - 'fetch_expenses_by_date' was called with date:2024-08-01
2025-02-12 23:58:42,508 - db_helper - INFO - 'fetch_expenses_by_date' was called with date:2024-08-01
2025-02-13 00:06:47,282 - db_helper - INFO - 'fetch_expenses_by_date' was called with date:2024-08-01
2025-02-13 00:06:51,232 - db_helper - INFO - 'fetch_expenses_by_date' was called with date:2024-08-01
2025-02-13 00:06:54,157 - db_helper - INFO - 'fetch_expenses_by_date' was called with date:2024-08-20
2025-02-13 00:07:31,798 - db_helper - INFO - 'fetch_expenses_by_date' was called with date:2024-08-01
2025-02-13 00:07:36,903 - db_helper - INFO - 'fetch_expenses_by_date' was called with date:2024-08-01
2025-02-13 00:07:39,991 - db_helper - INFO - 'fetch_expenses_by_date' was called with date:2024-08-01
2025-02-13 00:07:40,626 - db_helper - INFO - 'fetch_expenses_by_date' was called with date:2024-08-01
2025-02-13 00:07:40,856 - db_helper - INFO - 'fetch_expenses_by_date' was called with date:2024-08-01
2025-02-13 00:07:41,029 - db_helper - INFO - 'fetch_expenses_by_date' was called with date:2024-08-01
2025-02-13 00:07:41,203 - db_helper - INFO - 'fetch_expenses_by_date' was called with date:2024-08-01
2025-02-13 00:16:55,209 - db_helper - INFO - 'fetch_expenses_by_date' was called with date:2024-08-01
2025-02-13 00:16:59,239 - db_helper - INFO - 'fetch_expenses_by_date' was called with date:2024-08-01
2025-02-13 00:18:07,560 - db_helper - INFO - 'fetch_expenses_by_date' was called with date:2024-08-01
2025-02-13 00:18:28,659 - db_helper - INFO - 'fetch_expenses_by_date' was called with date:2024-08-01
2025-02-13 00:20:58,375 - db_helper - INFO - 'fetch_expenses_by_date' was called with date:2024-08-01
2025-02-13 00:21:16,378 - db_helper - INFO - 'fetch_expenses_by_date' was called with date:2024-08-01
2025-02-13 00:22:38,736 - db_helper - INFO - 'fetch_expenses_by_date' was called with date:2024-08-01
2025-02-13 00:22:43,472 - db_helper - INFO - 'fetch_expenses_by_date' was called with date:2024-08-01
2025-02-13 00:23:33,970 - db_helper - INFO - 'fetch_expenses_by_date' was called with date:2024-08-01
2025-02-13 00:24:17,689 - db_helper - INFO - 'fetch_expenses_by_date' was called with date:2024-08-01
2025-02-13 00:24:18,968 - db_helper - INFO - 'fetch_expenses_by_date' was called with date:2024-08-01
2025-02-13 00:25:10,705 - db_helper - INFO - 'fetch_expenses_by_date' was called with date:2024-08-01
2025-02-13 00:28:23,852 - db_helper - INFO - 'fetch_expenses_by_date' was called with date:2024-08-01
2025-02-13 00:28:28,980 - db_helper - INFO - 'fetch_expenses_by_date' was called with date:2024-08-01
2025-02-13 00:29:42,805 - db_helper - INFO - 'fetch_expenses_by_date' was called with date:2024-08-01
2025-02-13 00:30:05,841 - db_helper - INFO - 'fetch_expenses_by_date' was called with date:2024-08-01
2025-02-13 00:30:44,476 - db_helper - INFO - 'fetch_expenses_by_date' was called with date:2024-08-01
2025-02-13 00:33:07,458 - db_helper - INFO - 'fetch_expenses_by_date' was called with date:2024-08-01
2025-02-13 00:33:10,641 - db_helper - INFO - 'fetch_expenses_by_date' was called with date:2024-08-01
2025-02-13 00:34:45,701 - db_helper - INFO - 'fetch_expenses_by_date' was called with date:2024-08-01
2025-02-13 01:51:53,481 - db_helper - INFO - 'fetch_expenses_by_date' was called with date:2024-08-01
2025-02-13 01:52:29,162 - db_helper - INFO - 'fetch_expenses_by_date' was called with date:2024-08-01
2025-02-13 03:18:08,602 - db_helper - INFO - 'fetch_expenses_by_date' was called with date:2024-08-01
2025-02-13 03:18:15,526 - db_helper - INFO - 'fetch_expenses_by_date' was called with date:2024-08-01
2025-02-13 03:18:57,457 - db_helper - INFO - 'fetch_expenses_by_date' was called with date:2024-08-01
2025-02-13 03:19:08,215 - db_helper - INFO - 'fetch_expenses_by_date' was called with date:2024-08-02
2025-02-13 03:20:33,913 - db_helper - INFO - 'fetch_expenses_by_date' was called with date:2024-08-01
2025-02-13 03:21:33,438 - db_helper - INFO - 'fetch_expenses_by_date' was called with date:2024-08-01
2025-02-13 03:22:58,808 - db_helper - INFO - 'fetch_expenses_by_date' was called with date:2024-08-01
2025-02-13 03:23:07,931 - db_helper - INFO - 'fetch_expenses_by_date' was called with date:2024-08-05
2025-02-13 03:25:47,055 - db_helper - INFO - 'fetch_expenses_by_date' was called with date:2024-08-01
2025-02-13 03:26:11,020 - db_helper - INFO - 'fetch_expenses_by_date' was called with date:2024-08-01
2025-02-13 03:26:18,317 - db_helper - INFO - 'fetch_expenses_by_date' was called with date:2024-08-01
2025-02-13 03:26:58,567 - db_helper - INFO - 'fetch_expenses_by_date' was called with date:2024-08-01
2025-02-13 03:27:15,337 - db_helper - INFO - 'fetch_expenses_by_date' was called with date:2024-08-05
2025-02-13 03:27:30,024 - db_helper - INFO - 'fetch_expenses_by_date' was called with date:2028-11-14
2025-02-13 03:28:16,648 - db_helper - INFO - 'fetch_expenses_by_date' was called with date:2025-11-14
2025-02-13 03:28:28,296 - db_helper - INFO - 'fetch_expenses_by_date' was called with date:2028-11-14
2025-02-13 03:29:01,898 - db_helper - INFO - 'delete_expenses_by_date' was called with 2028-11-14
2025-02-13 03:29:01,949 - db_helper - INFO - 'update_expenses' was called with date:2028-11-14, amount: 40000000.0, category: Other, notes: bought a maybach
2025-02-13 03:29:11,740 - db_helper - INFO - 'fetch_expenses_by_date' was called with date:2028-11-14
2025-02-13 03:29:20,134 - db_helper - INFO - 'fetch_expenses_by_date' was called with date:2024-08-01
2025-02-13 03:29:31,892 - db_helper - INFO - 'fetch_expenses_by_date' was called with date:2028-11-14
2025-02-13 14:12:11,876 - db_helper - INFO - 'fetch_expenses_by_date' was called with date:2024-08-01
2025-02-13 14:14:37,436 - db_helper - INFO - 'fetch_expenses_by_date' was called with date:2024-08-01
2025-02-13 14:15:05,174 - db_helper - INFO - 'fetch_expenses_by_date' was called with date:2024-08-05
2025-02-13 14:16:30,715 - db_helper - INFO - 'fetch_expenses_by_date' was called with date:2024-08-01
2025-02-13 14:17:16,344 - db_helper - INFO - 'fetch_expenses_by_date' was called with date:2024-08-01
2025-02-13 14:17:27,724 - db_helper - INFO - 'fetch_expenses_by_date' was called with date:2024-08-05
2025-02-13 14:21:24,941 - db_helper - INFO - 'fetch_expenses_by_date' was called with date:2024-08-02
2025-02-13 14:22:20,049 - db_helper - INFO - 'fetch_expenses_by_date' was called with date:2024-08-02
2025-02-13 14:22:24,618 - db_helper - INFO - 'fetch_expenses_by_date' was called with date:2024-08-01
2025-02-13 14:22:40,102 - db_helper - INFO - 'fetch_expenses_by_date' was called with date:2028-11-14
2025-02-13 14:22:54,864 - db_helper - INFO - 'fetch_expenses_by_date' was called with date:2024-08-01
2025-02-13 14:39:46,185 - db_helper - INFO - 'fetch_expenses_by_date' was called with date:2024-08-01
2025-02-13 14:40:06,977 - db_helper - INFO - 'fetch_expenses_by_date' was called with date:2024-08-01
2025-02-13 14:42:52,491 - db_helper - INFO - 'fetch_expenses_by_date' was called with date:2024-08-01
2025-02-13 14:45:01,628 - db_helper - INFO - 'fetch_expenses_by_date' was called with date:2024-08-01
2025-02-13 14:46:16,177 - db_helper - INFO - 'fetch_expenses_by_date' was called with date:2024-08-01
2025-02-13 14:46:20,177 - db_helper - INFO - 'fetch_expenses_by_date' was called with date:2024-08-01
2025-02-13 14:46:31,272 - db_helper - INFO - 'fetch_expenses_by_date' was called with date:2024-08-15
2025-02-13 14:47:38,393 - db_helper - INFO - 'fetch_expenses_by_date' was called with date:2024-08-01
2025-02-13 14:57:41,015 - db_helper - INFO - 'fetch_expenses_by_date' was called with date:2024-08-08
2025-02-13 14:58:03,344 - db_helper - INFO - 'fetch_expenses_by_date' was called with date:2024-08-08
2025-02-13 14:58:29,784 - db_helper - INFO - 'fetch_expenses_by_date' was called with date:2024-08-08
2025-02-13 14:58:37,114 - db_helper - INFO - 'fetch_expenses_by_date' was called with date:2024-08-01
2025-02-13 14:58:47,784 - db_helper - INFO - 'fetch_expenses_by_date' was called with date:2024-08-08
2025-02-13 14:59:04,525 - db_helper - INFO - 'fetch_expenses_by_date' was called with date:2024-08-08
2025-02-13 15:00:13,829 - db_helper - INFO - 'fetch_expenses_by_date' was called with date:2024-08-01
2025-02-13 15:00:17,944 - db_helper - INFO - 'fetch_expenses_by_date' was called with date:2024-08-08
2025-02-13 15:00:33,358 - db_helper - INFO - 'fetch_expenses_by_date' was called with date:2024-08-08
2025-02-13 15:00:35,423 - db_helper - INFO - 'delete_expenses_by_date' was called with 2024-08-08
2025-02-13 15:00:35,440 - db_helper - INFO - 'update_expenses' was called with date:2024-08-08, amount: 50.0, category: Food, notes: peanut
2025-02-13 15:00:59,544 - db_helper - INFO - 'fetch_expenses_by_date' was called with date:2024-08-08
2025-02-13 15:01:01,606 - db_helper - INFO - 'delete_expenses_by_date' was called with 2024-08-08
2025-02-13 15:01:01,618 - db_helper - INFO - 'update_expenses' was called with date:2024-08-08, amount: 50.0, category: Food, notes: peanut
2025-02-13 15:01:01,629 - db_helper - INFO - 'update_expenses' was called with date:2024-08-08, amount: 10.0, category: Shopping, notes: pen
2025-02-13 15:30:55,869 - db_helper - INFO - 'fetch_expenses_by_date' was called with date:2024-08-01
2025-02-13 15:31:20,273 - db_helper - INFO - 'fetch_expenses_by_date' was called with date:2024-08-01
2025-02-14 01:11:17,642 - db_helper - INFO - 'fetch_expenses_between_dates' was called with start date: 2024-08-01 and end date: 2024-08-03
2025-02-14 01:16:19,019 - db_helper - INFO - 'fetch_expenses_between_dates' was called with start date: 2024-08-01 and end date: 2024-08-03
2025-02-14 01:18:44,841 - db_helper - INFO - 'fetch_expenses_between_dates' was called with start date: 2024-08-01 and end date: 2024-08-03
2025-02-14 01:18:45,873 - db_helper - INFO - 'fetch_expenses_between_dates' was called with start date: 2024-08-01 and end date: 2024-08-03
2025-02-14 01:22:44,190 - db_helper - INFO - 'fetch_expenses_between_dates' was called with start date: 2024-08-01 and end date: 2024-08-03
2025-02-14 01:22:53,113 - db_helper - INFO - 'fetch_expenses_by_date' was called with date:2028-11-14
2025-02-14 01:22:58,124 - db_helper - INFO - 'fetch_expenses_by_date' was called with date:2028-11-15
2025-02-14 01:23:03,124 - db_helper - INFO - 'fetch_expenses_by_date' was called with date:2028-11-14
2025-02-14 01:23:48,262 - db_helper - INFO - 'fetch_expenses_by_date' was called with date:2024-08-02
2025-02-14 01:29:24,840 - db_helper - INFO - 'fetch_expenses_by_date' was called with date:2024-08-01
2025-02-14 01:29:36,585 - db_helper - INFO - 'fetch_expenses_by_date' was called with date:2024-08-01
2025-02-14 01:30:15,702 - db_helper - INFO - 'fetch_expenses_between_dates' was called with start date: 2024-08-01 and end date: 2024-08-03
2025-02-14 01:32:48,847 - db_helper - INFO - 'fetch_expenses_by_date' was called with date:2024-08-01
2025-02-14 01:32:58,496 - db_helper - INFO - 'fetch_expenses_by_date' was called with date:2024-08-05
2025-02-14 01:33:21,093 - db_helper - INFO - 'fetch_expenses_by_date' was called with date:2024-08-02
2025-02-14 01:33:24,573 - db_helper - INFO - 'fetch_expenses_by_date' was called with date:2024-08-02
2025-02-14 01:33:25,469 - db_helper - INFO - 'fetch_expenses_by_date' was called with date:2024-08-02
2025-02-14 01:33:29,791 - db_helper - INFO - 'fetch_expenses_by_date' was called with date:2028-11-14
2025-02-14 01:33:37,007 - db_helper - INFO - 'fetch_expenses_by_date' was called with date:2028-11-14
2025-02-14 01:33:37,827 - db_helper - INFO - 'fetch_expenses_by_date' was called with date:2028-11-14
2025-02-14 01:33:38,277 - db_helper - INFO - 'fetch_expenses_by_date' was called with date:2028-11-14
2025-02-14 01:33:40,596 - db_helper - INFO - 'fetch_expenses_by_date' was called with date:2028-11-14
2025-02-14 01:33:44,546 - db_helper - INFO - 'fetch_expenses_by_date' was called with date:2028-11-14
2025-02-14 01:33:46,270 - db_helper - INFO - 'fetch_expenses_by_date' was called with date:2028-11-14
2025-02-14 01:38:13,532 - db_helper - INFO - 'fetch_expenses_by_date' was called with date:2024-08-15
2025-02-14 01:38:13,750 - db_helper - INFO - 'fetch_expenses_between_dates' was called with start date: 2024-08-01 and end date: 2024-08-05
2025-02-14 01:38:39,140 - db_helper - INFO - 'fetch_expenses_by_date' was called with date:2024-08-01
2025-02-14 01:40:22,385 - db_helper - INFO - 'fetch_expenses_between_dates' was called with start date: 2024-08-01 and end date: 2024-08-03
2025-02-14 01:41:45,474 - db_helper - INFO - 'fetch_expenses_by_date' was called with date:2024-08-01
2025-02-14 01:41:54,504 - db_helper - INFO - 'fetch_expenses_by_date' was called with date:2024-08-01
2025-02-14 01:43:18,725 - db_helper - INFO - 'fetch_expenses_by_date' was called with date:2024-08-01
2025-02-14 01:43:56,109 - db_helper - INFO - 'fetch_expenses_by_date' was called with date:2024-08-01
2025-02-14 01:48:28,670 - db_helper - INFO - 'fetch_expenses_by_date' was called with date:2024-08-01
2025-02-14 01:53:30,216 - db_helper - INFO - 'fetch_expenses_by_date' was called with date:2024-08-01
2025-02-14 01:55:50,403 - db_helper - INFO - 'fetch_expenses_by_date' was called with date:2024-08-01
2025-02-14 01:56:10,174 - db_helper - INFO - 'fetch_expenses_by_date' was called with date:2024-08-01
2025-02-14 01:58:36,346 - db_helper - INFO - 'fetch_expenses_by_date' was called with date:2024-08-01
2025-02-14 01:58:57,074 - db_helper - INFO - 'fetch_expenses_by_date' was called with date:2024-08-01
2025-02-14 02:03:18,927 - db_helper - INFO - 'fetch_expenses_between_dates' was called with start date: 2025-08-01 and end date: 2029-08-03
2025-02-14 02:03:32,848 - db_helper - INFO - 'fetch_expenses_between_dates' was called with start date: 2024-08-01 and end date: 2024-08-03
2025-02-14 02:05:37,334 - db_helper - INFO - 'fetch_expenses_between_dates' was called with start date: 2024-08-01 and end date: 2024-08-03
2025-02-14 02:05:38,360 - db_helper - INFO - 'fetch_expenses_between_dates' was called with start date: 2024-08-01 and end date: 2024-08-03
2025-02-14 02:05:39,255 - db_helper - INFO - 'fetch_expenses_between_dates' was called with start date: 2024-08-01 and end date: 2024-08-03
2025-02-14 02:06:12,631 - db_helper - INFO - 'fetch_expenses_between_dates' was called with start date: 2024-08-01 and end date: 2024-08-03
2025-02-14 02:06:13,726 - db_helper - INFO - 'fetch_expenses_between_dates' was called with start date: 2024-08-01 and end date: 2024-08-03
2025-02-14 02:06:15,134 - db_helper - INFO - 'fetch_expenses_between_dates' was called with start date: 2024-08-01 and end date: 2024-08-03
2025-02-14 02:30:01,973 - db_helper - INFO - 'fetch_expenses_by_date' was called with date:2024-08-01
2025-02-14 02:30:55,228 - db_helper - INFO - 'fetch_expenses_by_date' was called with date:2024-08-01
2025-02-14 02:31:04,208 - db_helper - INFO - 'fetch_expenses_by_date' was called with date:2024-08-01
2025-02-14 02:32:32,812 - db_helper - INFO - 'fetch_expenses_by_date' was called with date:2024-08-01
2025-02-14 02:32:36,018 - db_helper - INFO - 'fetch_expenses_by_date' was called with date:2024-08-01
2025-02-14 02:33:48,223 - db_helper - INFO - 'fetch_expenses_by_date' was called with date:2024-08-01
2025-02-14 02:33:50,304 - db_helper - INFO - 'fetch_expenses_between_dates' was called with start date: 2025-02-14 and end date: 2025-02-14
2025-02-14 02:39:47,911 - db_helper - INFO - 'fetch_expenses_by_date' was called with date:2024-08-01
2025-02-14 02:39:52,375 - db_helper - INFO - 'fetch_expenses_by_date' was called with date:2024-08-01
2025-02-14 02:39:54,529 - db_helper - INFO - 'fetch_expenses_between_dates' was called with start date: 2024-08-01 and end date: 2024-08-03
2025-02-14 03:04:11,683 - db_helper - INFO - 'fetch_expenses_by_date' was called with date:2024-08-15
2025-02-14 03:04:11,919 - db_helper - INFO - 'fetch_expenses_between_dates' was called with start date: 2024-08-01 and end date: 2024-08-05
2025-02-14 03:04:11,928 - db_helper - INFO - 'fetch_summary was called with start_date: 2024-08-01 and end_date: 2024-08-08
2025-02-14 03:04:34,743 - db_helper - INFO - 'fetch_expenses_by_date' was called with date:2024-08-15
2025-02-14 03:04:34,869 - db_helper - INFO - 'fetch_expenses_between_dates' was called with start date: 2024-08-01 and end date: 2024-08-05
2025-02-14 03:04:34,877 - db_helper - INFO - 'fetch_summary was called with start_date: 2024-08-01 and end_date: 2024-08-08
2025-02-14 03:08:16,259 - db_helper - INFO - 'fetch_expenses_by_date' was called with date:2024-08-15
2025-02-14 03:08:16,470 - db_helper - INFO - 'fetch_expenses_between_dates' was called with start date: 2024-08-01 and end date: 2024-08-05
2025-02-14 03:08:16,480 - db_helper - INFO - 'fetch_summary was called with start_date: 2024-08-01 and end_date: 2024-08-08
2025-02-14 03:09:25,001 - db_helper - INFO - 'fetch_expenses_by_date' was called with date:2024-08-15
2025-02-14 03:09:25,128 - db_helper - INFO - 'fetch_expenses_between_dates' was called with start date: 2024-08-01 and end date: 2024-08-05
2025-02-14 03:09:25,135 - db_helper - INFO - 'fetch_summary was called with start_date: 2024-08-01 and end_date: 2024-08-08
2025-02-14 03:09:43,246 - db_helper - INFO - 'fetch_summary was called with start_date: 2024-08-01 and end_date: 2024-08-08
2025-02-14 03:10:04,813 - db_helper - INFO - 'fetch_summary was called with start_date: 2024-08-01 and end_date: 2024-08-08
2025-02-14 03:14:50,909 - db_helper - INFO - 'fetch_expenses_by_date' was called with date:2024-08-01
2025-02-14 03:14:53,067 - db_helper - INFO - 'fetch_expenses_between_dates' was called with start date: 2024-08-01 and end date: 2024-08-03
2025-02-14 03:14:57,623 - db_helper - INFO - 'fetch_expenses_by_date' was called with date:2024-08-01
2025-02-14 03:14:59,704 - db_helper - INFO - 'fetch_expenses_between_dates' was called with start date: 2024-08-01 and end date: 2024-08-03
2025-02-14 03:15:05,327 - db_helper - INFO - 'fetch_expenses_by_date' was called with date:2024-08-01
2025-02-14 03:15:11,721 - db_helper - INFO - 'fetch_expenses_by_date' was called with date:2024-08-01
2025-02-14 03:15:13,785 - db_helper - INFO - 'fetch_expenses_between_dates' was called with start date: 2024-08-01 and end date: 2024-08-03
2025-02-14 03:18:35,819 - db_helper - INFO - 'fetch_expenses_between_dates' was called with start date: 2024-08-01 and end date: 2024-08-03
2025-02-14 03:18:37,040 - db_helper - INFO - 'fetch_expenses_between_dates' was called with start date: 2024-08-01 and end date: 2024-08-03
2025-02-14 03:18:37,843 - db_helper - INFO - 'fetch_expenses_between_dates' was called with start date: 2024-08-01 and end date: 2024-08-03
2025-02-14 03:18:38,920 - db_helper - INFO - 'fetch_expenses_between_dates' was called with start date: 2024-08-01 and end date: 2024-08-03
2025-02-14 03:18:39,395 - db_helper - INFO - 'fetch_expenses_between_dates' was called with start date: 2024-08-01 and end date: 2024-08-03
2025-02-14 03:18:39,904 - db_helper - INFO - 'fetch_expenses_between_dates' was called with start date: 2024-08-01 and end date: 2024-08-03
2025-02-14 03:18:49,132 - db_helper - INFO - 'fetch_expenses_between_dates' was called with start date: 2024-08-01 and end date: 2024-08-03
2025-02-14 03:18:50,005 - db_helper - INFO - 'fetch_expenses_between_dates' was called with start date: 2024-08-01 and end date: 2024-08-03
2025-02-14 03:19:41,638 - db_helper - INFO - 'fetch_expenses_by_date' was called with date:2024-08-01
2025-02-14 03:20:54,372 - db_helper - INFO - 'fetch_expenses_between_dates' was called with start date: 2024-08-01 and end date: 2024-08-03
2025-02-14 03:20:55,913 - db_helper - INFO - 'fetch_expenses_between_dates' was called with start date: 2024-08-01 and end date: 2024-08-03
2025-02-14 03:20:57,518 - db_helper - INFO - 'fetch_expenses_between_dates' was called with start date: 2024-08-01 and end date: 2024-08-03
2025-02-14 03:20:59,070 - db_helper - INFO - 'fetch_expenses_between_dates' was called with start date: 2024-08-01 and end date: 2024-08-03
2025-02-14 03:23:32,836 - db_helper - INFO - 'fetch_expenses_by_date' was called with date:2024-08-01
2025-02-14 03:25:29,421 - db_helper - INFO - 'fetch_expenses_by_date' was called with date:2024-08-01
2025-02-14 03:29:43,264 - db_helper - INFO - 'fetch_expenses_by_date' was called with date:2024-08-01
2025-02-14 03:29:48,080 - db_helper - INFO - 'fetch_expenses_by_date' was called with date:2024-08-01
2025-02-14 03:29:50,147 - db_helper - INFO - 'fetch_summary was called with start_date: 2024-08-01 and end_date: 2024-08-03
2025-02-14 03:30:42,387 - db_helper - INFO - 'fetch_summary was called with start_date: 2024-08-01 and end_date: 2024-08-03
2025-02-14 05:07:10,591 - db_helper - INFO - 'fetch_expenses_by_date' was called with date:2024-08-01
2025-02-14 05:07:12,805 - db_helper - INFO - 'fetch_summary was called with start_date: 2024-08-01 and end_date: 2024-08-03
2025-02-14 05:38:42,118 - db_helper - INFO - 'fetch_expenses_by_date' was called with date:2024-08-01
2025-02-14 05:38:44,348 - db_helper - INFO - 'fetch_summary was called with start_date: 2024-08-01 and end_date: 2024-08-03
2025-02-14 05:38:57,570 - db_helper - INFO - 'fetch_summary was called with start_date: 2024-08-01 and end_date: 2024-08-03
2025-02-14 05:39:05,449 - db_helper - INFO - 'fetch_summary was called with start_date: 2024-08-01 and end_date: 2024-08-03
2025-02-14 05:40:30,553 - db_helper - INFO - 'fetch_summary was called with start_date: 2024-08-01 and end_date: 2024-08-03
2025-02-14 05:41:07,429 - db_helper - INFO - 'fetch_summary was called with start_date: 2024-08-01 and end_date: 2024-08-03
2025-02-14 05:43:32,916 - db_helper - INFO - 'fetch_summary was called with start_date: 2024-08-01 and end_date: 2024-08-03
2025-02-14 05:43:34,160 - db_helper - INFO - 'fetch_summary was called with start_date: 2024-08-01 and end_date: 2024-08-03
2025-02-14 05:44:19,270 - db_helper - INFO - 'fetch_summary was called with start_date: 2024-08-01 and end_date: 2024-08-08
2025-02-14 05:45:49,021 - db_helper - INFO - 'fetch_summary was called with start_date: 2024-08-01 and end_date: 2024-08-03
2025-02-14 05:46:41,768 - db_helper - INFO - 'fetch_expenses_by_date' was called with date:2024-08-01
2025-02-14 05:46:45,569 - db_helper - INFO - 'fetch_expenses_by_date' was called with date:2024-08-01
2025-02-14 05:46:47,638 - db_helper - INFO - 'fetch_summary was called with start_date: 2024-08-01 and end_date: 2024-08-03
2025-02-14 06:07:27,582 - db_helper - INFO - 'fetch_expenses_by_date' was called with date:2024-08-01
2025-02-14 06:07:47,072 - db_helper - INFO - 'fetch_expenses_by_date' was called with date:2028-11-14
2025-02-14 06:10:57,606 - db_helper - INFO - 'fetch_expenses_by_date' was called with date:2024-08-01
2025-02-14 06:11:01,618 - db_helper - INFO - 'fetch_expenses_by_date' was called with date:2024-08-01
2025-02-14 06:11:03,692 - db_helper - INFO - 'fetch_summary was called with start_date: 2024-08-01 and end_date: 2024-08-03
2025-02-14 07:23:26,712 - db_helper - INFO - 'fetch_expenses_by_date' was called with date:2024-08-01
2025-02-14 07:23:28,936 - db_helper - INFO - 'fetch_summary was called with start_date: 2024-08-01 and end_date: 2024-08-03
2025-02-14 07:23:33,470 - db_helper - INFO - 'fetch_expenses_by_date' was called with date:2024-08-01
2025-02-14 07:23:35,537 - db_helper - INFO - 'fetch_summary was called with start_date: 2024-08-01 and end_date: 2024-08-03
2025-02-14 07:23:51,946 - db_helper - INFO - 'fetch_expenses_by_date' was called with date:2024-08-01
2025-02-14 07:23:54,017 - db_helper - INFO - 'fetch_summary was called with start_date: 2024-08-01 and end_date: 2024-08-03
2025-02-14 07:23:55,425 - db_helper - INFO - 'fetch_expenses_by_date' was called with date:2024-08-01
2025-02-14 07:23:57,493 - db_helper - INFO - 'fetch_summary was called with start_date: 2024-08-01 and end_date: 2024-08-03
2025-02-14 07:25:08,639 - db_helper - INFO - 'fetch_expenses_by_date' was called with date:2024-08-01
2025-02-14 07:25:10,697 - db_helper - INFO - 'fetch_summary was called with start_date: 2024-08-01 and end_date: 2024-08-03
2025-02-14 07:25:13,789 - db_helper - INFO - 'fetch_expenses_by_date' was called with date:2024-08-01
2025-02-14 07:25:15,860 - db_helper - INFO - 'fetch_summary was called with start_date: 2024-08-01 and end_date: 2024-08-03
2025-02-14 07:25:17,737 - db_helper - INFO - 'fetch_expenses_by_date' was called with date:2024-08-01
2025-02-14 07:25:21,806 - db_helper - INFO - 'fetch_expenses_by_date' was called with date:2024-08-01
2025-02-14 07:25:23,875 - db_helper - INFO - 'fetch_summary was called with start_date: 2024-08-01 and end_date: 2024-08-03
2025-02-14 07:25:30,346 - db_helper - INFO - 'fetch_summary was called with start_date: 2024-08-01 and end_date: 2024-08-03
2025-02-14 07:26:44,635 - db_helper - INFO - 'fetch_expenses_by_date' was called with date:2024-08-01
2025-02-14 07:26:46,719 - db_helper - INFO - 'fetch_summary was called with start_date: 2024-08-01 and end_date: 2024-08-03
2025-02-14 07:36:45,700 - db_helper - INFO - 'fetch_expenses_by_date' was called with date:2024-08-01
2025-02-14 07:36:47,886 - db_helper - INFO - 'fetch_summary was called with start_date: 2024-08-01 and end_date: 2024-08-03
2025-02-14 07:37:55,619 - db_helper - INFO - 'fetch_expenses_by_date' was called with date:2024-08-01
2025-02-14 07:37:57,684 - db_helper - INFO - 'fetch_summary was called with start_date: 2024-08-01 and end_date: 2024-08-03
2025-02-14 07:38:15,390 - db_helper - INFO - 'fetch_expenses_by_date' was called with date:2024-08-01
2025-02-14 07:38:17,458 - db_helper - INFO - 'fetch_summary was called with start_date: 2024-08-01 and end_date: 2024-08-03
2025-02-14 07:38:58,762 - db_helper - INFO - 'fetch_expenses_by_date' was called with date:2024-08-01
2025-02-14 07:39:00,839 - db_helper - INFO - 'fetch_summary was called with start_date: 2024-08-01 and end_date: 2024-08-03
2025-02-14 07:40:57,164 - db_helper - INFO - 'fetch_expenses_by_date' was called with date:2024-08-01
2025-02-14 07:40:59,242 - db_helper - INFO - 'fetch_summary was called with start_date: 2024-08-01 and end_date: 2024-08-03
2025-02-14 07:41:13,156 - db_helper - INFO - 'fetch_expenses_by_date' was called with date:2024-08-01
2025-02-14 07:41:16,608 - db_helper - INFO - 'fetch_expenses_by_date' was called with date:2024-08-01
2025-02-14 07:41:18,665 - db_helper - INFO - 'fetch_summary was called with start_date: 2024-08-01 and end_date: 2024-08-03
2025-02-14 07:41:50,352 - db_helper - INFO - 'fetch_expenses_by_date' was called with date:2024-08-01
2025-02-14 07:41:52,405 - db_helper - INFO - 'fetch_summary was called with start_date: 2024-08-01 and end_date: 2024-08-03
2025-02-14 07:44:20,505 - db_helper - INFO - 'fetch_expenses_by_date' was called with date:2024-08-01
2025-02-14 07:44:24,246 - db_helper - INFO - 'fetch_expenses_by_date' was called with date:2024-08-01
2025-02-14 07:44:26,317 - db_helper - INFO - 'fetch_summary was called with start_date: 2024-08-01 and end_date: 2024-08-03
2025-02-14 07:45:31,540 - db_helper - INFO - 'fetch_expenses_by_date' was called with date:2024-08-01
2025-02-14 07:45:33,618 - db_helper - INFO - 'fetch_summary was called with start_date: 2024-08-01 and end_date: 2024-08-03
2025-02-14 07:46:12,304 - db_helper - INFO - 'fetch_expenses_by_date' was called with date:2024-08-01
2025-02-14 07:46:14,363 - db_helper - INFO - 'fetch_summary was called with start_date: 2024-08-01 and end_date: 2024-08-03
2025-02-14 07:51:47,766 - db_helper - INFO - 'fetch_expenses_by_date' was called with date:2024-08-01
2025-02-14 07:51:50,547 - db_helper - INFO - 'fetch_summary was called with start_date: 2024-08-01 and end_date: 2024-08-03
2025-02-14 08:01:37,566 - db_helper - INFO - 'fetch_expenses_by_date' was called with date:2024-08-01
2025-02-14 08:01:39,708 - db_helper - INFO - 'fetch_summary was called with start_date: 2024-08-01 and end_date: 2024-08-03
2025-02-14 08:02:42,168 - db_helper - INFO - 'fetch_expenses_by_date' was called with date:2024-08-01
2025-02-14 08:02:44,234 - db_helper - INFO - 'fetch_summary was called with start_date: 2024-08-01 and end_date: 2024-08-03
2025-02-14 08:03:17,299 - db_helper - INFO - 'fetch_expenses_by_date' was called with date:2024-08-01
2025-02-14 08:03:20,903 - db_helper - INFO - 'fetch_expenses_by_date' was called with date:2024-08-01
2025-02-14 08:03:22,975 - db_helper - INFO - 'fetch_summary was called with start_date: 2024-08-01 and end_date: 2024-08-05
2025-02-14 08:03:37,869 - db_helper - INFO - 'fetch_expenses_by_date' was called with date:2024-08-01
2025-02-14 08:03:41,494 - db_helper - INFO - 'fetch_expenses_by_date' was called with date:2024-08-01
2025-02-14 08:03:43,564 - db_helper - INFO - 'fetch_summary was called with start_date: 2024-08-01 and end_date: 2024-08-15
2025-02-14 08:05:22,224 - db_helper - INFO - 'fetch_expenses_by_date' was called with date:2024-08-01
2025-02-14 08:05:24,335 - db_helper - INFO - 'fetch_summary was called with start_date: 2024-08-01 and end_date: 2024-08-15
2025-02-14 08:08:33,860 - db_helper - INFO - 'fetch_expenses_by_date' was called with date:2024-08-01
2025-02-14 08:08:35,986 - db_helper - INFO - 'fetch_summary was called with start_date: 2024-08-01 and end_date: 2024-08-15
2025-02-14 08:09:11,481 - db_helper - INFO - 'fetch_expenses_by_date' was called with date:2024-08-01
2025-02-14 08:09:13,544 - db_helper - INFO - 'fetch_summary was called with start_date: 2024-08-01 and end_date: 2024-08-15
2025-02-14 08:10:06,944 - db_helper - INFO - 'fetch_expenses_by_date' was called with date:2024-08-01
2025-02-14 08:10:08,997 - db_helper - INFO - 'fetch_summary was called with start_date: 2024-08-01 and end_date: 2024-08-15
2025-02-14 08:11:41,441 - db_helper - INFO - 'fetch_expenses_by_date' was called with date:2024-08-01
2025-02-14 08:11:46,703 - db_helper - INFO - 'fetch_expenses_by_date' was called with date:2024-08-01
2025-02-14 08:11:48,763 - db_helper - INFO - 'fetch_summary was called with start_date: 2024-08-01 and end_date: 2024-08-03
2025-02-14 08:12:37,008 - db_helper - INFO - 'fetch_expenses_by_date' was called with date:2024-08-01
2025-02-14 08:12:39,073 - db_helper - INFO - 'fetch_summary was called with start_date: 2024-08-01 and end_date: 2024-08-03
2025-02-14 08:16:18,754 - db_helper - INFO - 'fetch_expenses_by_date' was called with date:2024-08-01
2025-02-14 08:16:20,945 - db_helper - INFO - 'fetch_summary was called with start_date: 2024-08-01 and end_date: 2024-08-03
2025-02-14 08:17:17,152 - db_helper - INFO - 'fetch_expenses_by_date' was called with date:2024-08-01
2025-02-14 08:17:19,231 - db_helper - INFO - 'fetch_summary was called with start_date: 2024-08-01 and end_date: 2024-08-03
2025-02-14 08:19:25,735 - db_helper - INFO - 'fetch_expenses_by_date' was called with date:2024-08-01
2025-02-14 08:19:29,298 - db_helper - INFO - 'fetch_expenses_by_date' was called with date:2024-08-01
2025-02-14 08:19:31,385 - db_helper - INFO - 'fetch_summary was called with start_date: 2024-08-01 and end_date: 2024-08-03
2025-02-14 08:20:41,186 - db_helper - INFO - 'fetch_expenses_by_date' was called with date:2024-08-01
2025-02-14 08:20:43,261 - db_helper - INFO - 'fetch_summary was called with start_date: 2024-08-01 and end_date: 2024-08-03
2025-02-14 08:22:45,702 - db_helper - INFO - 'fetch_expenses_by_date' was called with date:2024-08-01
2025-02-14 08:22:47,755 - db_helper - INFO - 'fetch_summary was called with start_date: 2024-08-01 and end_date: 2024-08-03
2025-02-14 08:23:23,749 - db_helper - INFO - 'fetch_expenses_by_date' was called with date:2024-08-01
2025-02-14 08:23:25,813 - db_helper - INFO - 'fetch_summary was called with start_date: 2024-08-01 and end_date: 2024-08-03
2025-02-14 08:27:10,771 - db_helper - INFO - 'fetch_expenses_by_date' was called with date:2024-08-01
2025-02-14 08:27:12,838 - db_helper - INFO - 'fetch_summary was called with start_date: 2024-08-01 and end_date: 2024-08-03
